<?xml version="1.0" encoding="UTF-8"?>
<testsuite xmlns:xsi="http://www.w3.org/2001/XMLSchema-instance" xsi:noNamespaceSchemaLocation="https://maven.apache.org/surefire/maven-surefire-plugin/xsd/surefire-test-report.xsd" name="io.netty.util.DefaultAttributeMapTest" time="0.016" tests="5" errors="0" skipped="0" failures="0">
  <properties>
    <property name="gopherProxySet" value="false"/>
    <property name="awt.toolkit" value="sun.lwawt.macosx.LWCToolkit"/>
    <property name="file.encoding.pkg" value="sun.io"/>
    <property name="java.specification.version" value="1.8"/>
    <property name="sun.cpu.isalist" value=""/>
    <property name="sun.jnu.encoding" value="UTF-8"/>
    <property name="java.class.path" value="/Users/lichangbao/github/netty/common/target/test-classes:/Users/lichangbao/github/netty/common/target/classes:/Users/lichangbao/.m2/repository/com/oracle/substratevm/svm/19.0.0/svm-19.0.0.jar:/Users/lichangbao/.m2/repository/org/graalvm/sdk/graal-sdk/19.0.0/graal-sdk-19.0.0.jar:/Users/lichangbao/.m2/repository/com/oracle/substratevm/objectfile/19.0.0/objectfile-19.0.0.jar:/Users/lichangbao/.m2/repository/com/oracle/substratevm/pointsto/19.0.0/pointsto-19.0.0.jar:/Users/lichangbao/.m2/repository/org/graalvm/truffle/truffle-nfi/19.0.0/truffle-nfi-19.0.0.jar:/Users/lichangbao/.m2/repository/org/graalvm/truffle/truffle-api/19.0.0/truffle-api-19.0.0.jar:/Users/lichangbao/.m2/repository/org/graalvm/compiler/compiler/19.0.0/compiler-19.0.0.jar:/Users/lichangbao/.m2/repository/org/jctools/jctools-core/2.1.1/jctools-core-2.1.1.jar:/Users/lichangbao/.m2/repository/org/slf4j/slf4j-api/1.7.21/slf4j-api-1.7.21.jar:/Users/lichangbao/.m2/repository/commons-logging/commons-logging/1.2/commons-logging-1.2.jar:/Users/lichangbao/.m2/repository/log4j/log4j/1.2.17/log4j-1.2.17.jar:/Users/lichangbao/.m2/repository/org/apache/logging/log4j/log4j-api/2.6.2/log4j-api-2.6.2.jar:/Users/lichangbao/.m2/repository/org/apache/logging/log4j/log4j-core/2.6.2/log4j-core-2.6.2.jar:/Users/lichangbao/.m2/repository/org/mockito/mockito-core/2.18.3/mockito-core-2.18.3.jar:/Users/lichangbao/.m2/repository/net/bytebuddy/byte-buddy/1.8.5/byte-buddy-1.8.5.jar:/Users/lichangbao/.m2/repository/net/bytebuddy/byte-buddy-agent/1.8.5/byte-buddy-agent-1.8.5.jar:/Users/lichangbao/.m2/repository/org/objenesis/objenesis/2.6/objenesis-2.6.jar:/Users/lichangbao/.m2/repository/io/netty/netty-dev-tools/4.1.37.Final-SNAPSHOT/netty-dev-tools-4.1.37.Final-SNAPSHOT.jar:/Users/lichangbao/.m2/repository/org/javassist/javassist/3.20.0-GA/javassist-3.20.0-GA.jar:/Users/lichangbao/.m2/repository/junit/junit/4.12/junit-4.12.jar:/Users/lichangbao/.m2/repository/org/hamcrest/hamcrest-core/1.3/hamcrest-core-1.3.jar:/Users/lichangbao/.m2/repository/io/netty/netty-build/25/netty-build-25.jar:/Users/lichangbao/.m2/repository/com/puppycrawl/tools/checkstyle/8.18/checkstyle-8.18.jar:/Users/lichangbao/.m2/repository/info/picocli/picocli/3.9.5/picocli-3.9.5.jar:/Users/lichangbao/.m2/repository/antlr/antlr/2.7.7/antlr-2.7.7.jar:/Users/lichangbao/.m2/repository/org/antlr/antlr4-runtime/4.7.2/antlr4-runtime-4.7.2.jar:/Users/lichangbao/.m2/repository/commons-beanutils/commons-beanutils/1.9.3/commons-beanutils-1.9.3.jar:/Users/lichangbao/.m2/repository/commons-collections/commons-collections/3.2.2/commons-collections-3.2.2.jar:/Users/lichangbao/.m2/repository/com/google/guava/guava/27.0.1-jre/guava-27.0.1-jre.jar:/Users/lichangbao/.m2/repository/com/google/guava/failureaccess/1.0.1/failureaccess-1.0.1.jar:/Users/lichangbao/.m2/repository/com/google/guava/listenablefuture/9999.0-empty-to-avoid-conflict-with-guava/listenablefuture-9999.0-empty-to-avoid-conflict-with-guava.jar:/Users/lichangbao/.m2/repository/com/google/code/findbugs/jsr305/3.0.2/jsr305-3.0.2.jar:/Users/lichangbao/.m2/repository/org/checkerframework/checker-qual/2.5.2/checker-qual-2.5.2.jar:/Users/lichangbao/.m2/repository/com/google/errorprone/error_prone_annotations/2.2.0/error_prone_annotations-2.2.0.jar:/Users/lichangbao/.m2/repository/com/google/j2objc/j2objc-annotations/1.1/j2objc-annotations-1.1.jar:/Users/lichangbao/.m2/repository/org/codehaus/mojo/animal-sniffer-annotations/1.17/animal-sniffer-annotations-1.17.jar:/Users/lichangbao/.m2/repository/net/sf/saxon/Saxon-HE/9.9.1-1/Saxon-HE-9.9.1-1.jar:/Users/lichangbao/.m2/repository/org/hamcrest/hamcrest-library/1.3/hamcrest-library-1.3.jar:/Users/lichangbao/.m2/repository/ch/qos/logback/logback-classic/1.1.7/logback-classic-1.1.7.jar:/Users/lichangbao/.m2/repository/ch/qos/logback/logback-core/1.1.7/logback-core-1.1.7.jar:"/>
    <property name="java.vm.vendor" value="Oracle Corporation"/>
    <property name="sun.arch.data.model" value="64"/>
    <property name="java.vendor.url" value="http://java.oracle.com/"/>
    <property name="user.timezone" value=""/>
    <property name="java.vm.specification.version" value="1.8"/>
    <property name="os.name" value="Mac OS X"/>
    <property name="user.country" value="CN"/>
    <property name="sun.java.launcher" value="SUN_STANDARD"/>
    <property name="sun.boot.library.path" value="/Library/Java/JavaVirtualMachines/jdk1.8.0_144.jdk/Contents/Home/jre/lib"/>
    <property name="sun.java.command" value="/Users/lichangbao/github/netty/common/target/surefire/surefirebooter225532603770601848.jar /Users/lichangbao/github/netty/common/target/surefire 2019-07-29T13-44-33_439-jvmRun1 surefire2556652598124761909tmp surefire_04104211338577936661tmp"/>
    <property name="surefire.test.class.path" value="/Users/lichangbao/github/netty/common/target/test-classes:/Users/lichangbao/github/netty/common/target/classes:/Users/lichangbao/.m2/repository/com/oracle/substratevm/svm/19.0.0/svm-19.0.0.jar:/Users/lichangbao/.m2/repository/org/graalvm/sdk/graal-sdk/19.0.0/graal-sdk-19.0.0.jar:/Users/lichangbao/.m2/repository/com/oracle/substratevm/objectfile/19.0.0/objectfile-19.0.0.jar:/Users/lichangbao/.m2/repository/com/oracle/substratevm/pointsto/19.0.0/pointsto-19.0.0.jar:/Users/lichangbao/.m2/repository/org/graalvm/truffle/truffle-nfi/19.0.0/truffle-nfi-19.0.0.jar:/Users/lichangbao/.m2/repository/org/graalvm/truffle/truffle-api/19.0.0/truffle-api-19.0.0.jar:/Users/lichangbao/.m2/repository/org/graalvm/compiler/compiler/19.0.0/compiler-19.0.0.jar:/Users/lichangbao/.m2/repository/org/jctools/jctools-core/2.1.1/jctools-core-2.1.1.jar:/Users/lichangbao/.m2/repository/org/slf4j/slf4j-api/1.7.21/slf4j-api-1.7.21.jar:/Users/lichangbao/.m2/repository/commons-logging/commons-logging/1.2/commons-logging-1.2.jar:/Users/lichangbao/.m2/repository/log4j/log4j/1.2.17/log4j-1.2.17.jar:/Users/lichangbao/.m2/repository/org/apache/logging/log4j/log4j-api/2.6.2/log4j-api-2.6.2.jar:/Users/lichangbao/.m2/repository/org/apache/logging/log4j/log4j-core/2.6.2/log4j-core-2.6.2.jar:/Users/lichangbao/.m2/repository/org/mockito/mockito-core/2.18.3/mockito-core-2.18.3.jar:/Users/lichangbao/.m2/repository/net/bytebuddy/byte-buddy/1.8.5/byte-buddy-1.8.5.jar:/Users/lichangbao/.m2/repository/net/bytebuddy/byte-buddy-agent/1.8.5/byte-buddy-agent-1.8.5.jar:/Users/lichangbao/.m2/repository/org/objenesis/objenesis/2.6/objenesis-2.6.jar:/Users/lichangbao/.m2/repository/io/netty/netty-dev-tools/4.1.37.Final-SNAPSHOT/netty-dev-tools-4.1.37.Final-SNAPSHOT.jar:/Users/lichangbao/.m2/repository/org/javassist/javassist/3.20.0-GA/javassist-3.20.0-GA.jar:/Users/lichangbao/.m2/repository/junit/junit/4.12/junit-4.12.jar:/Users/lichangbao/.m2/repository/org/hamcrest/hamcrest-core/1.3/hamcrest-core-1.3.jar:/Users/lichangbao/.m2/repository/io/netty/netty-build/25/netty-build-25.jar:/Users/lichangbao/.m2/repository/com/puppycrawl/tools/checkstyle/8.18/checkstyle-8.18.jar:/Users/lichangbao/.m2/repository/info/picocli/picocli/3.9.5/picocli-3.9.5.jar:/Users/lichangbao/.m2/repository/antlr/antlr/2.7.7/antlr-2.7.7.jar:/Users/lichangbao/.m2/repository/org/antlr/antlr4-runtime/4.7.2/antlr4-runtime-4.7.2.jar:/Users/lichangbao/.m2/repository/commons-beanutils/commons-beanutils/1.9.3/commons-beanutils-1.9.3.jar:/Users/lichangbao/.m2/repository/commons-collections/commons-collections/3.2.2/commons-collections-3.2.2.jar:/Users/lichangbao/.m2/repository/com/google/guava/guava/27.0.1-jre/guava-27.0.1-jre.jar:/Users/lichangbao/.m2/repository/com/google/guava/failureaccess/1.0.1/failureaccess-1.0.1.jar:/Users/lichangbao/.m2/repository/com/google/guava/listenablefuture/9999.0-empty-to-avoid-conflict-with-guava/listenablefuture-9999.0-empty-to-avoid-conflict-with-guava.jar:/Users/lichangbao/.m2/repository/com/google/code/findbugs/jsr305/3.0.2/jsr305-3.0.2.jar:/Users/lichangbao/.m2/repository/org/checkerframework/checker-qual/2.5.2/checker-qual-2.5.2.jar:/Users/lichangbao/.m2/repository/com/google/errorprone/error_prone_annotations/2.2.0/error_prone_annotations-2.2.0.jar:/Users/lichangbao/.m2/repository/com/google/j2objc/j2objc-annotations/1.1/j2objc-annotations-1.1.jar:/Users/lichangbao/.m2/repository/org/codehaus/mojo/animal-sniffer-annotations/1.17/animal-sniffer-annotations-1.17.jar:/Users/lichangbao/.m2/repository/net/sf/saxon/Saxon-HE/9.9.1-1/Saxon-HE-9.9.1-1.jar:/Users/lichangbao/.m2/repository/org/hamcrest/hamcrest-library/1.3/hamcrest-library-1.3.jar:/Users/lichangbao/.m2/repository/ch/qos/logback/logback-classic/1.1.7/logback-classic-1.1.7.jar:/Users/lichangbao/.m2/repository/ch/qos/logback/logback-core/1.1.7/logback-core-1.1.7.jar:"/>
    <property name="sun.cpu.endian" value="little"/>
    <property name="user.home" value="/Users/lichangbao"/>
    <property name="user.language" value="zh"/>
    <property name="java.specification.vendor" value="Oracle Corporation"/>
    <property name="java.home" value="/Library/Java/JavaVirtualMachines/jdk1.8.0_144.jdk/Contents/Home/jre"/>
    <property name="basedir" value="/Users/lichangbao/github/netty/common"/>
    <property name="file.separator" value="/"/>
    <property name="line.separator" value="&#10;"/>
    <property name="java.vm.specification.vendor" value="Oracle Corporation"/>
    <property name="java.specification.name" value="Java Platform API Specification"/>
    <property name="java.awt.graphicsenv" value="sun.awt.CGraphicsEnvironment"/>
    <property name="surefire.real.class.path" value="/Users/lichangbao/github/netty/common/target/surefire/surefirebooter225532603770601848.jar:/Users/lichangbao/.m2/repository/org/mortbay/jetty/alpn/jetty-alpn-agent/2.0.8/jetty-alpn-agent-2.0.8.jar"/>
    <property name="logback.configurationFile" value="/Users/lichangbao/github/netty/common/../common/src/test/resources/logback-test.xml"/>
    <property name="sun.boot.class.path" value="/Library/Java/JavaVirtualMachines/jdk1.8.0_144.jdk/Contents/Home/jre/lib/resources.jar:/Library/Java/JavaVirtualMachines/jdk1.8.0_144.jdk/Contents/Home/jre/lib/rt.jar:/Library/Java/JavaVirtualMachines/jdk1.8.0_144.jdk/Contents/Home/jre/lib/sunrsasign.jar:/Library/Java/JavaVirtualMachines/jdk1.8.0_144.jdk/Contents/Home/jre/lib/jsse.jar:/Library/Java/JavaVirtualMachines/jdk1.8.0_144.jdk/Contents/Home/jre/lib/jce.jar:/Library/Java/JavaVirtualMachines/jdk1.8.0_144.jdk/Contents/Home/jre/lib/charsets.jar:/Library/Java/JavaVirtualMachines/jdk1.8.0_144.jdk/Contents/Home/jre/lib/jfr.jar:/Library/Java/JavaVirtualMachines/jdk1.8.0_144.jdk/Contents/Home/jre/classes"/>
    <property name="sun.management.compiler" value="HotSpot 64-Bit Tiered Compilers"/>
    <property name="java.runtime.version" value="1.8.0_144-b01"/>
    <property name="user.name" value="lichangbao"/>
    <property name="path.separator" value=":"/>
    <property name="os.version" value="10.14.6"/>
    <property name="java.endorsed.dirs" value="/Library/Java/JavaVirtualMachines/jdk1.8.0_144.jdk/Contents/Home/jre/lib/endorsed"/>
    <property name="java.runtime.name" value="Java(TM) SE Runtime Environment"/>
    <property name="file.encoding" value="UTF-8"/>
    <property name="logLevel" value="debug"/>
    <property name="java.vm.name" value="Java HotSpot(TM) 64-Bit Server VM"/>
    <property name="localRepository" value="/Users/lichangbao/.m2/repository"/>
    <property name="_" value=""/>
    <property name="java.vendor.url.bug" value="http://bugreport.sun.com/bugreport/"/>
    <property name="java.io.tmpdir" value="/var/folders/r6/7wpbx5cj36d80g35s9jtmjc80000gn/T/"/>
    <property name="java.version" value="1.8.0_144"/>
    <property name="user.dir" value="/Users/lichangbao/github/netty/common"/>
    <property name="os.arch" value="x86_64"/>
    <property name="java.vm.specification.name" value="Java Virtual Machine Specification"/>
    <property name="java.awt.printerjob" value="sun.lwawt.macosx.CPrinterJob"/>
    <property name="sun.os.patch.level" value="unknown"/>
    <property name="java.library.path" value="/Users/lichangbao/Library/Java/Extensions:/Library/Java/Extensions:/Network/Library/Java/Extensions:/System/Library/Java/Extensions:/usr/lib/java:."/>
    <property name="java.vm.info" value="mixed mode"/>
    <property name="java.vendor" value="Oracle Corporation"/>
    <property name="java.vm.version" value="25.144-b01"/>
    <property name="java.ext.dirs" value="/Users/lichangbao/Library/Java/Extensions:/Library/Java/JavaVirtualMachines/jdk1.8.0_144.jdk/Contents/Home/jre/lib/ext:/Library/Java/Extensions:/Network/Library/Java/Extensions:/System/Library/Java/Extensions:/usr/lib/java"/>
    <property name="sun.io.unicode.encoding" value="UnicodeBig"/>
    <property name="java.class.version" value="52.0"/>
  </properties>
  <testcase name="testGetAndSetWithNull" classname="io.netty.util.DefaultAttributeMapTest" time="0.009"/>
  <testcase name="testMapExists" classname="io.netty.util.DefaultAttributeMapTest" time="0"/>
  <testcase name="testSetRemove" classname="io.netty.util.DefaultAttributeMapTest" time="0"/>
  <testcase name="testGetSetInt" classname="io.netty.util.DefaultAttributeMapTest" time="0"/>
  <testcase name="testGetSetString" classname="io.netty.util.DefaultAttributeMapTest" time="0"/>
</testsuite>